카페 없음.
카페 없음.
카페 없음.
카페 없음.
카페 없음.
카페 없음.
카페 없음.
카페 없음.
카페 없음.
카페 없음.
카페 없음.
카페 없음.
1129
[<div id="news_title02">윈스-분당경찰서, 치매 노인 안전조끼 지급 </div>]
[<div id="news_title02">트위터에서 발생한 해킹 사건, DM도 뚫렸었다</div>]
[<div id="news_title02">[주말판] 20년 차 재택 근무자가 초보 재택 근무자에게</div>]
1379
[<div id="news_title02">중기부, ‘컴업 2020’ 온라인 IR 참가 120개 스타트업 모집</div>]
1035
[<div id="news_title02">날씨 빅데이터로 철강제품의 이슬 맺힘 예측해 품질 높인다</div>]
[<div id="news_title02">인공지능(AI)·데이터 기반의 스마트제조 2.0 시대를 열어 간다</div>]
[<div id="news_title02">과기정통부, 과학기술 기계학습 데이터 구축 신호탄</div>]
1037
[<div id="news_title02">무동력 하강식 피난기 등 4개 제품 ‘재난안전제품’ 인증 획득</div>]
[<div id="news_title02">[주말판] 20년 차 재택 근무자가 초보 재택 근무자에게</div>]
1379
[<div id="news_title02">중기부, ‘컴업 2020’ 온라인 IR 참가 120개 스타트업 모집</div>]
1035
[<div id="news_title02">날씨 빅데이터로 철강제품의 이슬 맺힘 예측해 품질 높인다</div>]
[<div id="news_title02">인공지능(AI)·데이터 기반의 스마트제조 2.0 시대를 열어 간다</div>]
[<div id="news_title02">과기정통부, 과학기술 기계학습 데이터 구축 신호탄</div>]
1037
[<div id="news_title02">무동력 하강식 피난기 등 4개 제품 ‘재난안전제품’ 인증 획득</div>]
[<div id="news_title02">세계 최고 권위 해킹대회 데프콘 CTF 28 본선 16팀 공개... ‘한국 3팀’ 포함</div>]
1089
[<div id="news_title02">한화테크윈, 8K 초고해상도 와이즈넷 X시리즈 NVR 3종 출시</div>]
[<div id="news_title02">RPA 기술의 혁명, 보안 없이 가다간 또 다른 구멍이 될 뿐</div>]
[<div id="news_title02">한국산업보안연구학회, ‘2020 산업보안 논문경진대회’ 개최  </div>]
[<div id="news_title02">기업 내 사용되는 애플리케이션의 96%가 취약점 내포하고 있다</div>]
[<div id="news_title02">디딤돌 ‘살리고’, 행안부 재난안전제품 인증으로 국가안전인증 ‘4관왕’ 달성</div>]
1321
[<div id="news_title02">빗줄기처럼 시원한 ‘보안인력’ 채용소식... 카카오뱅크 등 모집 </div>]
1436
[<div id="news_title02">ADT캡스, 얼굴인식·발열측정 동시 가능 워크스루형 출입 솔루션 ‘캡스 스마트패스’ 출시</div>]
[<div id="news_title02">넷기어 와이파이-6 공유기 RAX200, 美 유명 미디어에서 ‘베스트 공유기’로 선정</div>]
[<div id="news_title02">MS가 고소한 北 추정 해커조직 ‘탈륨’, 한국 타깃 사이버공격 진행형    </div>]
[<div id="news_title02">시스코의 네트워크 장비에서 발견된 취약점, 실제 공격 받는 중</div>]
[<div id="news_title02">미국 FBI, 중국 세금 소프트웨어 백도어에 대해 공식 경고 발표</div>]
[<div id="news_title02">슈나이더 일렉트릭, 안정적인 전력공급 위한 UPS 신제품, Easy UPS 3L 출시</div>]
[<div id="news_title02">호주의 소비자 보호 기관, 구글의 고지가 불충분하다고 고소</div>]
[<div id="news_title02">과기정통부, 바이오 디지털 뉴딜로 R&amp;D 혁신과 일자리 창출에 나선다</div>]
[<div id="news_title02">제11차 국가테러대책위원회, 대테러 방안 꼼꼼하게 추진한다 </div>]
1072
[<div id="news_title02">중기부, 디지털 기반 소상공인 창업 지원 강화한다</div>]
1186
1472
[<div id="news_title02">북한의 라자루스, 돈 벌기 위해 랜섬웨어 산업에까지 진출</div>]
1478
955
[<div id="news_title02">개인정보 보호 상담·신고, 1년에 15만 9,255건 발생</div>]
[<div id="news_title02">틱톡, 안드로이드 앱 통해 사용자의 맥주소 정보 수집해왔다</div>]
1162
[<div id="news_title02">Data와 Network, AI 활용한 국민생활 안전 증진한 기업 나왔다</div>]
803
[<div id="news_title02">모비젠, 소프트웨어 프로세스 품질인증 획득</div>]
[<div id="news_title02">인섹시큐리티, 소나타입의 오픈소스 취약점 및 악성코드 탐지 ‘넥서스 플랫폼’ 출시</div>]
[<div id="news_title02">5월 한국 기업을 겨냥했던 사이버 공격, 배후에 다크호텔이?</div>]
[<div id="news_title02">이스라엘 국방 산업체 노린 사이버 공격 조직은 라자루스</div>]
383
[<div id="news_title02">문재인 대통령, 9개 차관급 인사 단행  </div>]
[<div id="news_title02">아마존 알렉사 통해 중요하고 민감한 정보 가져갈 수 있다</div>]
[<div id="news_title02">[스토리텔링으로 이해하는 AI 보안-9] 파이썬과 오픈소스 취약점</div>]
691
[<div id="news_title02">이스트소프트, 2020년 2분기 매출액 215.6억, 순이익 18.3억</div>]
[<div id="news_title02">올해의 정보보안 공로자는 누구? (ISC)2, 글로벌 공로상 수상자 발표</div>]
1241
[<div id="news_title02">예약하지도 않은 ‘호텔 예약’ 메일 온다면 ‘악성메일’ </div>]
1395
[<div id="news_title02">마이크로소프트, 스탠다드차타드와 디지털 전환 가속화</div>]
1372
[<div id="news_title02">해수부, 국내 기술로 개발한 ‘무인수중건설로봇’ 해외 시장 진출 쾌거</div>]
[<div id="news_title02">산·학·연 손잡고 공정 자동화 통한 스마트 리쇼어링 추진한다</div>]
1297
